20190129 14:42:13 - INFO - Send mail to duoyichen@qq.com successful!
20190129 14:42:15 - INFO - Send mail to xuhui@bhfcc.com successful!
20190129 14:42:18 - INFO - Send mail to zhaopeigang@bhfcc.com successful!
20190129 14:42:21 - INFO - Send mail to zhangjunyi@meitunmama.com successful!
20190129 14:42:24 - INFO - Send mail to haiquan.pan@b-cloud.com.cn successful!
20190129 14:42:26 - INFO - Send mail to 2851953609@qq.com successful!
20190129 14:42:29 - INFO - Send mail to baiyang.ding@hand-china.com successful!
20190129 14:42:32 - INFO - Send mail to helen@sh-jh.net successful!
20190129 14:42:34 - INFO - Send mail to liulj@sh-jh.net successful!
20190129 14:42:37 - INFO - Send mail to 630405805@qq.com successful!
20190129 14:42:40 - INFO - Send mail to 261918512@qq.com successful!
20190129 14:42:42 - INFO - Send mail to jingjing_yan@mccormick.com successful!
20190129 14:42:45 - INFO - Send mail to 2256224046@qq.com successful!
20190129 14:42:47 - INFO - Send mail to zhen_wei@mccormick.com successful!
20190129 14:42:50 - INFO - Send mail to 2853632500@qq.com successful!
20190129 14:42:52 - INFO - Send mail to wangmengqiang@educationtek.com successful!
20190129 14:42:55 - INFO - Send mail to 26858092@qq.com successful!
20190129 14:42:57 - INFO - Send mail to cityxiao@sina.com successful!
20190129 14:43:00 - INFO - Send mail to sunrui@baixing.com successful!
20190129 14:43:03 - INFO - Send mail to zhanjiahui@baixing.com successful!
20190129 14:43:06 - INFO - Send mail to 179281018@qq.com successful!
20190129 14:43:08 - INFO - Send mail to panglulu@caifuzhinan.com successful!
20190129 14:43:11 - INFO - Send mail to luoyumin@mia.com successful!
20190129 14:43:13 - INFO - Send mail to wanglicheng@mia.com successful!
20190129 14:43:16 - INFO - Send mail to zhanyufen@mia.com successful!
20190129 14:43:19 - INFO - Send mail to ops@mia.com successful!
20190129 14:43:21 - INFO - Send mail to huangyu@jinedu.com.cn successful!
20190129 14:43:24 - INFO - Send mail to yangyang.ji@kaspersky.com successful!
20190129 14:43:26 - INFO - Send mail to erzhuo@dayima.com successful!
20190129 14:43:29 - INFO - Send mail to liupengfei@dayima.com successful!
20190129 14:43:31 - INFO - Send mail to jason@dayima.com successful!
20190129 14:43:34 - INFO - Send mail to kai.xu@kuwo.cn successful!
20190129 14:43:36 - INFO - Send mail to 29756177@qq.com successful!
20190129 14:43:39 - INFO - Send mail to songyuanpeng@univetro.cn successful!
20190129 14:43:42 - INFO - Send mail to xueliang@breadtrip.com successful!
20190129 14:43:44 - INFO - Send mail to zhengyu@haoshicai.com successful!
20190129 14:43:47 - INFO - Send mail to zhengzhaohui@haoshicai.com successful!
20190129 14:43:49 - INFO - Send mail to ahczy@anhuibj.com successful!
20190129 14:43:52 - INFO - Send mail to linjinduo@spicespirit.com successful!
20190129 14:43:55 - INFO - Send mail to zhanyongsong@163.com successful!
20190129 14:43:57 - INFO - Send mail to 768934886@qq.com successful!
20190129 14:44:00 - INFO - Send mail to wangmemgmeng@wiseasy.com successful!
20190129 14:44:03 - INFO - Send mail to 352927894@qq.com successful!
20190129 14:44:05 - INFO - Send mail to lijun@arhieason.com successful!
20190129 14:44:08 - INFO - Send mail to liuwl@arhieason.com successful!
20190129 14:44:10 - INFO - Send mail to qixin@cyccn.net successful!
20190129 14:44:13 - INFO - Send mail to weijia.tian@591hx.com successful!
20190129 14:44:15 - INFO - Send mail to ruizhi.ming@591hx.com successful!
20190129 14:44:18 - INFO - Send mail to chong.chen@591hx.com successful!
20190129 14:44:20 - INFO - Send mail to 765330017@qq.com successful!
20190129 14:44:22 - INFO - Send mail to liangzijie@imlianai.com successful!
20190129 14:44:24 - INFO - Send mail to 9680850@qq.com successful!
20190129 14:44:27 - INFO - Send mail to smile0318886@163.com successful!
20190129 14:44:29 - INFO - Send mail to zhangss@zenmen.com successful!
20190129 14:44:32 - INFO - Send mail to qianguangjie@wifi.com successful!
20190129 14:44:34 - INFO - Send mail to gaolm@wifi.com successful!
20190129 14:44:37 - INFO - Send mail to a.zi@163.com successful!
20190129 14:44:40 - INFO - Send mail to shengyao.wang@sg-ty.cn successful!
20190129 14:44:43 - INFO - Send mail to anch-global-noc@anchnet.com successful!
20190129 14:44:45 - INFO - Send mail to anch-noc@anchnet.com successful!
20190129 14:44:48 - INFO - Send mail to anch-resource@anchnet.com successful!
20190129 14:44:51 - INFO - Send mail to servicedesk@anchnet.com successful!
20190129 14:44:53 - INFO - Send mail to zhanglei@ztgame.com successful!
20190129 14:44:55 - INFO - Send mail to yanghua@ztgame.com successful!
20190129 14:44:58 - INFO - Send mail to liuxinjun@ztgame.com successful!
20190129 14:45:00 - INFO - Send mail to lyna@twocloud.cn successful!
20190129 14:45:03 - INFO - Send mail to hubin@wwwlink.cn successful!
20190129 14:45:06 - INFO - Send mail to zhangjianlei@longtugame.com successful!
20190129 14:45:08 - INFO - Send mail to yuxuemei@longtugame.com successful!
20190129 14:45:11 - INFO - Send mail to jianghongmin@longtugame.com successful!
20190129 14:45:13 - INFO - Send mail to qinlong@25qp.cn successful!
20190129 14:45:16 - INFO - Send mail to arthur@cnsat.com.cn successful!
20190129 14:45:18 - INFO - Send mail to lg@kirin-sz.com successful!
20190129 14:45:21 - INFO - Send mail to 15811021373@139.com successful!
20190129 14:45:25 - INFO - Send mail to caidi@moko.cc successful!
20190129 14:45:27 - INFO - Send mail to mijia@moko.cc successful!
20190129 14:45:30 - INFO - Send mail to zhangyu0729@rayootech.com successful!
20190129 14:45:32 - INFO - Send mail to 38216592@qq.com successful!
20190129 14:45:35 - INFO - Send mail to 980089903@qq.com successful!
20190129 14:45:37 - INFO - Send mail to 1447664359@qq.com successful!
20190129 14:45:40 - INFO - Send mail to chenzhiqiang@sporttery.cn successful!
20190129 14:45:42 - INFO - Send mail to liudong@sporttery.cn successful!
20190129 14:45:45 - INFO - Send mail to wang979357@foxmail.com successful!
20190129 14:45:47 - INFO - Send mail to 18601053233@wo.cn successful!
20190129 14:45:50 - INFO - Send mail to noc@idc-isp.com  successful!
20190129 14:45:53 - INFO - Send mail to kry1702@vip.qq.com successful!
20190129 14:45:55 - INFO - Send mail to zwt@pobo.net.cn successful!
20190129 14:45:58 - INFO - Send mail to wsp@pobo.net.cn successful!
20190129 14:46:00 - INFO - Send mail to duanzl@iotspace.net successful!
20190129 14:46:03 - INFO - Send mail to 83118831@qq.com successful!
20190129 14:46:05 - INFO - Send mail to lishuaijs@cdeledu.com successful!
20190129 14:46:08 - INFO - Send mail to jinderui@cdeledu.com successful!
20190129 14:46:10 - INFO - Send mail to zhanghouxing@70yx.com successful!
20190129 14:46:13 - INFO - Send mail to bob@ximalaya.com successful!
20190129 14:46:15 - INFO - Send mail to jason@ximalaya.com successful!
20190129 14:46:18 - INFO - Send mail to 1227439450@qq.com successful!
20190129 14:46:20 - INFO - Send mail to jinguanqi@dianhun.cn successful!
20190129 14:46:23 - INFO - Send mail to tianjianyong@kede.com successful!
20190129 14:46:25 - INFO - Send mail to liziyu@kede.com successful!
20190129 14:46:28 - INFO - Send mail to xinhang@xinhangxian.com.cn successful!
20190129 14:46:30 - INFO - Send mail to Tony.Fei@ubmsinoexpo.com successful!
20190129 14:46:33 - INFO - Send mail to Janus.Dai@ubmsinoexpo.com successful!
20190129 14:46:36 - INFO - Send mail to lilx@998fund.com successful!
20190129 14:46:38 - INFO - Send mail to gcqin@go-goal.com successful!
20190129 14:46:41 - INFO - Send mail to 18917838866@163.com successful!
20190129 14:46:44 - INFO - Send mail to 4267133@qq.com successful!
20190129 14:46:46 - INFO - Send mail to xiaofeng_wang@staff.9you.com successful!
20190129 14:46:48 - INFO - Send mail to zhangxiaohui@iwgame.com successful!
20190129 14:46:51 - INFO - Send mail to pandong@overlookchina.com successful!
20190129 14:46:53 - INFO - Send mail to rico.xia@ycgame.com successful!
20190129 14:46:55 - INFO - Send mail to chunlong.wang@ycgame.com successful!
20190129 14:46:58 - INFO - Send mail to lijinglei@china317.com successful!
20190129 14:47:01 - INFO - Send mail to laughing_wang@wochacha.com successful!
20190129 14:47:03 - INFO - Send mail to wanlin.song@travelzen.com successful!
20190129 14:47:05 - INFO - Send mail to ttjie126@126.com successful!
20190129 14:47:08 - INFO - Send mail to fht@topnewinfo.cn successful!
20190129 14:47:11 - INFO - Send mail to gaolei@topnewinfo.cn successful!
20190129 14:47:13 - INFO - Send mail to cheyi@isurecloud.com successful!
20190129 14:47:16 - INFO - Send mail to op@isurecloud.com successful!
20190129 14:47:18 - INFO - Send mail to duxinxin@isurecloud.com successful!
20190129 14:47:21 - INFO - Send mail to 17800234@qq.com successful!
20190129 14:47:23 - INFO - Send mail to 472914581@qq.com successful!
20190129 14:47:26 - INFO - Send mail to jack2332423@qq.com successful!
20190129 14:47:28 - INFO - Send mail to lfq_adam@163.com successful!
20190129 14:47:31 - INFO - Send mail to 278653067@qq.com successful!
20190129 14:47:34 - INFO - Send mail to 1138488547@qq.com successful!
20190129 14:47:37 - INFO - Send mail to shengxiangfs@163.com successful!
20190129 14:47:39 - INFO - Send mail to 491912461@qq.com successful!
20190129 14:47:42 - INFO - Send mail to weizhen.tan@southgis.com successful!
20190129 14:47:45 - INFO - Send mail to fangzhiqiang@nandu.com successful!
20190129 14:47:47 - INFO - Send mail to zw89230@alibaba-inc.com successful!
20190129 14:47:50 - INFO - Send mail to hst@95you.com successful!
20190129 14:47:52 - INFO - Send mail to 25223887@qq.com successful!
20190129 14:47:55 - INFO - Send mail to yuanrui@mail.39.net successful!
20190129 14:47:57 - INFO - Send mail to 85453550@qq.com successful!
20190129 14:48:00 - INFO - Send mail to linuxzgq@qq.com successful!
20190129 14:48:03 - INFO - Send mail to 47269140@qq.com successful!
20190129 14:48:05 - INFO - Send mail to ljy@mbook.cn successful!
20190129 14:48:08 - INFO - Send mail to guankx@chineseall.com successful!
20190129 14:48:10 - INFO - Send mail to 68295462@qq.com successful!
20190129 14:48:13 - INFO - Send mail to y2000sc@qq.com successful!
20190129 14:48:16 - INFO - Send mail to jhyang@dcampus.com successful!
20190129 14:48:19 - INFO - Send mail to 1841922325@qq.com successful!
20190129 14:48:21 - INFO - Send mail to 2287988461@qq.com successful!
20190129 14:48:24 - INFO - Send mail to huwenjuan@ftol.com.cn successful!
20190129 14:48:26 - INFO - Send mail to 2856721256@qq.com successful!
20190129 14:48:29 - INFO - Send mail to 804563273@qq.com successful!
20190129 14:48:31 - INFO - Send mail to nt_ljx@163.com successful!
20190129 14:48:34 - INFO - Send mail to 1602119121@qq.com successful!
20190129 14:48:36 - INFO - Send mail to jiesi.xiao@qq.com successful!
20190129 14:48:38 - INFO - Send mail to 9988404@qq.com successful!
20190129 14:48:41 - INFO - Send mail to zhangmin@1391.com successful!
20190129 14:48:43 - INFO - Send mail to maowf@1391.com successful!
20190129 14:48:46 - INFO - Send mail to 120718499@qq.com successful!
20190129 14:48:48 - INFO - Send mail to an779900@qq.com successful!
20190129 14:48:50 - INFO - Send mail to 906949626@qq.com successful!
20190129 14:48:53 - INFO - Send mail to 1504105553@qingmayun.com successful!
20190129 14:48:56 - INFO - Send mail to haibolay@126.com successful!
20190129 14:48:58 - INFO - Send mail to isabel_xie@staff.easou.com  successful!
20190129 14:49:01 - INFO - Send mail to jianhui_peng@staff.easou.com successful!
20190129 14:49:03 - INFO - Send mail to 1625807721@qq.com successful!
20190129 14:49:06 - INFO - Send mail to 6819509@qq.com successful!
20190129 14:49:09 - INFO - Send mail to yangxing06@baidu.com successful!
20190129 14:49:11 - INFO - Send mail to cuizhen@baidu.com successful!
20190129 14:49:14 - INFO - Send mail to liman@yiche.com successful!
20190129 14:49:16 - INFO - Send mail to sunyq@yiche.com successful!
20190129 14:49:19 - INFO - Send mail to guosq@yiche.com successful!
20190129 14:49:21 - INFO - Send mail to gaoying@cnnix.cn successful!
20190129 14:49:24 - INFO - Send mail to lizhenhua@corp.netease.com successful!
20190129 14:49:28 - INFO - Send mail to sa@corp.netease.com successful!
20190129 14:49:30 - INFO - Send mail to noc@wanwuyunlian.com successful!
20190129 14:49:32 - INFO - Send mail to xr.he@wanwuyunlian.com successful!
20190129 14:49:35 - INFO - Send mail to dap@wanwuyunlian.com successful!
20190129 14:49:38 - INFO - Send mail to 33053024@qq.com successful!
20190129 14:49:40 - INFO - Send mail to sh.ding@t2cn.com successful!
20190129 14:49:42 - INFO - Send mail to peng.zhang@t2cn.com successful!
20190129 14:49:45 - INFO - Send mail to xj.min@t2cn.com successful!
20190129 14:49:48 - INFO - Send mail to jun.xu@t2cn.com successful!
20190129 14:49:51 - INFO - Send mail to lukebob@vip.qq.com successful!
20190129 14:49:53 - INFO - Send mail to damek.li@xiaoi.com successful!
20190129 14:49:56 - INFO - Send mail to sach.chen@xiaoi.com successful!
20190129 14:49:58 - INFO - Send mail to duanxk@gf.com.cn successful!
20190129 14:50:01 - INFO - Send mail to zhouzhengya@gf.com.cn successful!
20190129 14:50:03 - INFO - Send mail to gfjinxin@gf.com.cn successful!
20190129 14:50:06 - INFO - Send mail to ljf@gf.com.cn successful!
20190129 14:50:09 - INFO - Send mail to xuebin@pook.com successful!
20190129 14:50:11 - INFO - Send mail to wangpengfei@pook.com successful!
20190129 14:50:14 - INFO - Send mail to zhouyanjun@pook.com successful!
20190129 14:50:17 - INFO - Send mail to it@6.cn successful!
20190129 14:50:19 - INFO - Send mail to baoxiaoxu@fastcdn.com successful!
20190129 14:50:22 - INFO - Send mail to ops-infra@fastcdn.com successful!
20190129 14:50:25 - INFO - Send mail to resourcerd@fastcdn.com successful!
20190129 14:50:28 - INFO - Send mail to ops-res@fastcdn.com successful!
20190129 15:01:22 - INFO - Send mail to duoyichen@qq.com successful!
20190129 15:01:24 - INFO - Send mail to pengmengya@51ywx.com successful!
20190129 15:01:27 - INFO - Send mail to chenying@51ywx.com successful!
